[     868ms] [ERROR] Failed to load resource: the server responded with a status of 500 (Internal Server Error) @ http://localhost:3000/login/patient:0
[     952ms] Error: ./src/app/login/patient/page.tsx:3:20
Ecmascript file had an error
  1 | import dynamic from "next/dynamic";
  2 |
> 3 | const SignInPage = dynamic(
    |                    ^^^^^^^^
> 4 |   () => import("@/components/ui/sign-in-flow-1").then((m) => m.SignInPage),
    | ^^^^^^^^^^^^^^^^^^^^^^^^^^^^^^^^^^^^^^^^^^^^^^^^^^^^^^^^^^^^^^^^^^^^^^^^^^^
> 5 |   { ssr: false }
    | ^^^^^^^^^^^^^^^^^^^^^^^^^^^^^^^^^^^^^^^^^^^^^^^^^^^^^^^^^^^^^^^^^^^^^^^^^^^
> 6 | );
    | ^^
  7 |
  8 | export default function PatientLogin() {
  9 |   return <SignInPage role="patient" />;

`ssr: false` is not allowed with `next/dynamic` in Server Components. Please move it into a Client Component.


    at <unknown> (Error: ./src/app/login/patient/page.tsx:3:20)
    at Object.getCompilationErrors (file:///Users/tasmanstar/Desktop/projects/medicrew/node_modules/next/dist/server/dev/hot-reloader-turbopack.js:1008:59)
    at DevBundlerService.getCompilationError (file:///Users/tasmanstar/Desktop/projects/medicrew/node_modules/next/dist/server/lib/dev-bundler-service.js:44:55)
    at DevServer.getCompilationError (file:///Users/tasmanstar/Desktop/projects/medicrew/node_modules/next/dist/server/dev/next-dev-server.js:706:42)
    at DevServer.findPageComponents (file:///Users/tasmanstar/Desktop/projects/medicrew/node_modules/next/dist/server/dev/next-dev-server.js:676:43)
    at async DevServer.renderErrorToResponseImpl (file:///Users/tasmanstar/Desktop/projects/medicrew/node_modules/next/dist/server/base-server.js:1733:26)
[     947ms] [ERROR] ./src/app/login/patient/page.tsx:3:20
Ecmascript file had an error
  1 | import dynamic from "next/dynamic";
  2 |
> 3 | const SignInPage = dynamic(
    |                    ^^^^^^^^
> 4 |   () => import("@/components/ui/sign-in-flow-1").then((m) => m.SignInPage),
    | ^^^^^^^^^^^^^^^^^^^^^^^^^^^^^^^^^^^^^^^^^^^^^^^^^^^^^^^^^^^^^^^^^^^^^^^^^^^
> 5 |   { ssr: false }
    | ^^^^^^^^^^^^^^^^^^^^^^^^^^^^^^^^^^^^^^^^^^^^^^^^^^^^^^^^^^^^^^^^^^^^^^^^^^^
> 6 | );
    | ^^
  7 |
  8 | export default function PatientLogin() {
  9 |   return <SignInPage role="patient" />;

`ssr: false` is not allowed with `next/dynamic` in Server Components. Please move it into a Client Component. @ http://localhost:3000/_next/static/chunks/node_modules_next_dist_b3fb3b5f._.js:1920
[     994ms] [ERROR] ./src/app/login/patient/page.tsx:3:20
Ecmascript file had an error
  1 | import dynamic from "next/dynamic";
  2 |
> 3 | const SignInPage = dynamic(
    |                    ^^^^^^^^
> 4 |   () => import("@/components/ui/sign-in-flow-1").then((m) => m.SignInPage),
    | ^^^^^^^^^^^^^^^^^^^^^^^^^^^^^^^^^^^^^^^^^^^^^^^^^^^^^^^^^^^^^^^^^^^^^^^^^^^
> 5 |   { ssr: false }
    | ^^^^^^^^^^^^^^^^^^^^^^^^^^^^^^^^^^^^^^^^^^^^^^^^^^^^^^^^^^^^^^^^^^^^^^^^^^^
> 6 | );
    | ^^
  7 |
  8 | export default function PatientLogin() {
  9 |   return <SignInPage role="patient" />;

`ssr: false` is not allowed with `next/dynamic` in Server Components. Please move it into a Client Component. @ http://localhost:3000/_next/static/chunks/node_modules_next_dist_b3fb3b5f._.js:1920
[    2818ms] [ERROR] ./src/app/login/patient/page.tsx:3:20
Ecmascript file had an error
  1 | import dynamic from "next/dynamic";
  2 |
> 3 | const SignInPage = dynamic(
    |                    ^^^^^^^^
> 4 |   () => import("@/components/ui/sign-in-flow-1").then((m) => m.SignInPage),
    | ^^^^^^^^^^^^^^^^^^^^^^^^^^^^^^^^^^^^^^^^^^^^^^^^^^^^^^^^^^^^^^^^^^^^^^^^^^^
> 5 |   { ssr: false }
    | ^^^^^^^^^^^^^^^^^^^^^^^^^^^^^^^^^^^^^^^^^^^^^^^^^^^^^^^^^^^^^^^^^^^^^^^^^^^
> 6 | );
    | ^^
  7 |
  8 | export default function PatientLogin() {
  9 |   return <SignInPage role="patient" />;

`ssr: false` is not allowed with `next/dynamic` in Server Components. Please move it into a Client Component. @ http://localhost:3000/_next/static/chunks/node_modules_next_dist_b3fb3b5f._.js:1920
[   11148ms] [WARNING] THREE.THREE.Clock: This module has been deprecated. Please use THREE.Timer instead. @ http://localhost:3000/_next/static/chunks/node_modules_next_dist_f3530cac._.js:2297
